make all --print-data-base --no-builtin-variables --no-builtin-rules --question
# GNU Make 3.81
# Copyright (C) 2006  Free Software Foundation, Inc.
# This is free software; see the source for copying conditions.
# There is NO warranty; not even for MERCHANTABILITY or FITNESS FOR A
# PARTICULAR PURPOSE.

# This program built for i386-apple-darwin11.3.0
 
make: *** No rule to make target `get_next_line.o', needed by `miniRT'.  Stop.


# Make data base, printed on Sun Jul 31 07:21:12 2022

# Variables

# automatic
<D = $(patsubst %/,%,$(dir $<))
# automatic
?F = $(notdir $?)
# automatic
?D = $(patsubst %/,%,$(dir $?))
# automatic
@D = $(patsubst %/,%,$(dir $@))
 
# automatic
@F = $(notdir $@)
# makefile
CURDIR := /Users/imran/Desktop/git/miniRT
# makefile
SHELL = /bin/sh
# environment
VSCODE_NLS_CONFIG = {"locale":"en-us","availableLanguages":{},"_languagePackSupport":true}
# environment
_ = /usr/bin/make
# makefile (from `Makefile', line 7)
CFLAGS = -Wall -Wextra -Werror -g3
# makefile (from `Makefile', line 1)
MAKEFILE_LIST :=  Makefile
# environment
__CFBundleIdentifier = com.microsoft.VSCode
# environment
VSCODE_CWD = /
# environment
PATH = /usr/bin:/bin:/usr/sbin:/sbin
# environment
LaunchInstanceID = 876348AD-21E1-4681-9D97-2CA4F29EF5A2
# makefile (from `Makefile', line 20)
MLX_PATH = libs/mlx_mac
# environment
ELECTRON_RUN_AS_NODE = 1
# default
.FEATURES := target-specific order-only second-expansion else-if archives jobserver check-symlink
# environment
SSH_AUTH_SOCK = /private/tmp/com.apple.launchd.8GfBK9sXYw/Listeners
# automatic
%F = $(notdir $%)
# environment
DISPLAY = /private/tmp/com.apple.launchd.OQplhgDdlY/org.xquartz:0
# makefile (from `Makefile', line 3)
OBJS = ${SRCS:.c=.o}
# environment
PWD = /Users/imran/Desktop/git/miniRT
# environment
ORIGINAL_XDG_CURRENT_DESKTOP = undefined
# environment
VSCODE_AMD_ENTRYPOINT = vs/workbench/api/node/extensionHostProcess
# environment
HOME = /Users/imran
# default
MAKEFILEPATH := /Applications/Xcode.app/Contents/Developer/Makefiles
# environment
VSCODE_CODE_CACHE_PATH = /Users/imran/Library/Application Support/Code/CachedData/3b889b090b5ad5793f524b5d1d39fda662b96a2a
# environment
LOGNAME = imran
# environment
APPLICATION_INSIGHTS_NO_DIAGNOSTIC_CHANNEL = true
# environment
VSCODE_HANDLES_UNCAUGHT_ERRORS = true
# automatic
^D = $(patsubst %/,%,$(dir $^))
# environment
XPC_FLAGS = 0x0
# default
MAKE = $(MAKE_COMMAND)
# default
MAKECMDGOALS := all
# makefile (from `Makefile', line 1)
SRCS = $(wildcard *.c) $(wildcard */*.c)
# environment
SHLVL = 1
# makefile (from `Makefile', line 11)
LIBFT = libs/libft/libft.a
# makefile (from `Makefile', line 5)
CC = gcc
# default
MAKE_VERSION := 3.81
# environment
USER = imran
# makefile
.DEFAULT_GOAL := all
# makefile (from `Makefile', line 23)
NAME = miniRT
# automatic
%D = $(patsubst %/,%,$(dir $%))
# default
MAKE_COMMAND := /Applications/Xcode.app/Contents/Developer/usr/bin/make
# default
.VARIABLES := 
# environment
TMPDIR = /var/folders/4j/y2ymt5nj5q11fgwz4x6nk99c0000gn/T/
# automatic
*F = $(notdir $*)
# makefile (from `Makefile', line 9)
OS = $(shell uname)
# environment
VSCODE_IPC_HOOK = /Users/imran/Library/Application Support/Code/1.69.2-main.sock
# environment
MallocNanoZone = 0
# makefile
MAKEFLAGS = Rrqp
# environment
MFLAGS = -Rrqp
# automatic
*D = $(patsubst %/,%,$(dir $*))
# environment
XPC_SERVICE_NAME = application.com.microsoft.VSCode.18883371.18883377
# automatic
+D = $(patsubst %/,%,$(dir $+))
# automatic
+F = $(notdir $+)
# environment
__CF_USER_TEXT_ENCODING = 0x1F5:0x0:0x0
# environment
COMMAND_MODE = unix2003
# default
MAKEFILES := 
# automatic
<F = $(notdir $<)
# makefile (from `Makefile', line 13)
LIBFT_PATH = libs/libft
# makefile (from `Makefile', line 19)
MLX_FLAGS = -Llibs/mlx_mac -lmlx -Ilibs/mlx_mac -framework OpenGL -framework AppKit
# environment
LC_ALL = C
# environment
SECURITYSESSIONID = 186b2
# automatic
^F = $(notdir $^)
# default
SUFFIXES := 
# default
.INCLUDE_DIRS = /usr/local/include
# environment
MAKELEVEL := 0
# environment
LANG = C
# environment
VSCODE_PID = 574
# variable set hash-table stats:
# Load=71/1024=7%, Rehash=0, Collisions=5/102=5%

# Pattern-specific Variable Values

# No pattern-specific variable values.

# Directories

# get_next_line.c (device 16777231, inode 18405617): could not be opened.
# scene (device 16777231, inode 18933331): 3 files, no impossibilities.
# Makefile (device 16777231, inode 18405611): could not be opened.
# utils (device 16777231, inode 18405698): 3 files, no impossibilities.
# libs (device 16777231, inode 18405621): 6 files, no impossibilities.
# . (device 16777231, inode 18405540): 26 files, no impossibilities.
# parser (device 16777231, inode 18405690): 9 files, no impossibilities.
# includes (device 16777231, inode 18405619): 3 files, no impossibilities.
# ray (device 16777231, inode 18739719): 3 files, no impossibilities.
# coords (device 16777231, inode 18405752): 9 files, no impossibilities.
# controls (device 16777231, inode 18432127): 3 files, no impossibilities.
# error (device 16777231, inode 18405613): 3 files, no impossibilities.
# get_next_line_utils.c (device 16777231, inode 18405618): could not be opened.
# pdfs (device 16777231, inode 18405754): 5 files, no impossibilities.
# render (device 16777231, inode 18777402): 3 files, no impossibilities.
# sphere (device 16777231, inode 18864902): 5 files, no impossibilities.
# main.c (device 16777231, inode 18897746): could not be opened.
# default.rt (device 16777231, inode 18777397): could not be opened.
# free (device 16777231, inode 18405615): 3 files, no impossibilities.
# tests (device 16777231, inode 18956081): 16 files, no impossibilities.
# matrices (device 16777231, inode 18451297): 8 files, no impossibilities.

# 108 files, no impossibilities in 21 directories.

# Implicit Rules

# No implicit rules.

# Files

# Not a target:
coords/subtract.o:
#  Implicit rule search has not been done.
#  Modification time never checked.
#  File has not been updated.

all: miniRT
#  Command-line target.
#  Implicit rule search has been done.
#  File does not exist.
#  File has not been updated.
# variable set hash-table stats:
# Load=0/32=0%, Rehash=0, Collisions=0/0=0%

# Not a target:
parser/parser.o:
 
#  Implicit rule search has not been done.
#  Modification time never checked.
#  File has not been updated.

# Not a target:
sphere/sphere.o:
#  Implicit rule search has not been done.
#  Modification time never checked.
#  File has not been updated.

# Not a target:
error/error.o:
#  Implicit rule search has not been done.
#  Modification time never checked.
#  File has not been updated.

# Not a target:
parser/parse_cylinder.o:
#  Implicit rule search has not been done.
#  Modification time never checked.
#  File has not been updated.

# Not a target:
parser/parse_light.o:
#  Implicit rule search has not been done.
#  Modification time never checked.
#  File has not been updated.

# Not a target:
.SUFFIXES:
#  Implicit rule search has not been done.
#  Modification time never checked.
#  File has not been updated.

miniRT: get_next_line.o get_next_line_utils.o main.o controls/keys.o coords/color.o coords/compare.o coords/normal.o coords/operation.o coords/product.o coords/subtract.o coords/tuple.o error/error.o free/free_scene_data.o matrices/identity.o matrices/inverse.o matrices/inverting.o matrices/matrix.o matrices/transform.o matrices/transpose.o parser/parse_ambient_lighting.o parser/parse_camera.o parser/parse_cylinder.o parser/parse_light.o parser/parse_plane.o parser/parse_sphere.o parser/parser.o ray/ray.o render/renderer.o scene/scene.o sphere/sphere.o utils/utils.o
#  Implicit rule search has not been done.
#  File does not exist.
#  File has not been updated.
# variable set hash-table stats:
# Load=0/32=0%, Rehash=0, Collisions=0/0=0%
#  commands to execute (from `Makefile', line 28):
	$(MAKE) -C $(MLX_PATH)
	$(MAKE) -C $(LIBFT_PATH)
	$(MAKE) -C $(LIBFT_PATH) bonus
	$(CC) $(OBJS) $(LIBFT) $(MLX_FLAGS)  $(CFLAGS) -o $(NAME)
	

# Not a target:
Makefile:
#  Implicit rule search has been done.
#  Last modified 2022-07-13 17:05:50
#  File has been updated.
#  Successfully updated.
# variable set hash-table stats:
# Load=0/32=0%, Rehash=0, Collisions=0/0=0%

# Not a target:
scene/scene.o:
#  Implicit rule search has not been done.
#  Modification time never checked.
#  File has not been updated.

# Not a target:
matrices/matrix.o:
#  Implicit rule search has not been done.
#  Modification time never checked.
#  File has not been updated.

# Not a target:
parser/parse_plane.o:
#  Implicit rule search has not been done.
#  Modification time never checked.
#  File has not been updated.

fclean: clean
#  Implicit rule search has not been done.
#  Modification time never checked.
#  File has not been updated.
#  commands to execute (from `Makefile', line 39):
	rm -rf $(NAME)
	$(MAKE) clean -C $(MLX_PATH)
	$(MAKE) fclean -C $(LIBFT_PATH)
	

# Not a target:
get_next_line_utils.o:
#  Implicit rule search has not been done.
#  Modification time never checked.
#  File has not been updated.

# Not a target:
parser/parse_ambient_lighting.o:
#  Implicit rule search has not been done.
#  Modification time never checked.
#  File has not been updated.

# Not a target:
.DEFAULT:
#  Implicit rule search has not been done.
#  Modification time never checked.
#  File has not been updated.

# Not a target:
matrices/identity.o:
#  Implicit rule search has not been done.
#  Modification time never checked.
#  File has not been updated.

re: fclean all
#  Implicit rule search has not been done.
#  Modification time never checked.
#  File has not been updated.

# Not a target:
parser/parse_camera.o:
#  Implicit rule search has not been done.
#  Modification time never checked.
#  File has not been updated.

clean:
#  Implicit rule search has not been done.
#  Modification time never checked.
#  File has not been updated.
#  commands to execute (from `Makefile', line 34):
	$(MAKE) clean -C $(MLX_PATH)
	$(MAKE) clean -C $(LIBFT_PATH)
	rm -rf $(OBJS)
	

# Not a target:
ray/ray.o:
#  Implicit rule search has not been done.
#  Modification time never checked.
#  File has not been updated.

# Not a target:
coords/compare.o:
#  Implicit rule search has not been done.
#  Modification time never checked.
#  File has not been updated.

# Not a target:
coords/normal.o:
#  Implicit rule search has not been done.
#  Modification time never checked.
#  File has not been updated.

# Not a target:
parser/parse_sphere.o:
#  Implicit rule search has not been done.
#  Modification time never checked.
#  File has not been updated.

# Not a target:
main.o:
#  Implicit rule search has not been done.
#  Modification time never checked.
#  File has not been updated.

# Not a target:
matrices/transpose.o:
#  Implicit rule search has not been done.
#  Modification time never checked.
#  File has not been updated.

# Not a target:
coords/operation.o:
#  Implicit rule search has not been done.
#  Modification time never checked.
#  File has not been updated.

# Not a target:
render/renderer.o:
#  Implicit rule search has not been done.
#  Modification time never checked.
#  File has not been updated.

# Not a target:
free/free_scene_data.o:
#  Implicit rule search has not been done.
#  Modification time never checked.
#  File has not been updated.

# Not a target:
matrices/transform.o:
#  Implicit rule search has not been done.
#  Modification time never checked.
#  File has not been updated.

# Not a target:
get_next_line.o:
#  Implicit rule search has been done.
#  File does not exist.
#  File has not been updated.
# variable set hash-table stats:
# Load=0/32=0%, Rehash=0, Collisions=0/0=0%

# Not a target:
coords/product.o:
#  Implicit rule search has not been done.
#  Modification time never checked.
#  File has not been updated.

# Not a target:
controls/keys.o:
#  Implicit rule search has not been done.
#  Modification time never checked.
#  File has not been updated.

# Not a target:
coords/color.o:
#  Implicit rule search has not been done.
#  Modification time never checked.
#  File has not been updated.

# Not a target:
utils/utils.o:
#  Implicit rule search has not been done.
#  Modification time never checked.
#  File has not been updated.

# Not a target:
matrices/inverse.o:
#  Implicit rule search has not been done.
#  Modification time never checked.
#  File has not been updated.

# Not a target:
coords/tuple.o:
#  Implicit rule search has not been done.
#  Modification time never checked.
#  File has not been updated.

# Not a target:
matrices/inverting.o:
#  Implicit rule search has not been done.
#  Modification time never checked.
#  File has not been updated.

# files hash-table stats:
# Load=39/1024=4%, Rehash=0, Collisions=2/87=2%
# VPATH Search Paths

# No `vpath' search paths.

# No general (`VPATH' variable) search path.

# # of strings in strcache: 1
# # of strcache buffers: 1
# strcache size: total = 4096 / max = 4096 / min = 4096 / avg = 4096
# strcache free: total = 4087 / max = 4087 / min = 4087 / avg = 4087

# Finished Make data base on Sun Jul 31 07:21:12 2022

 
